<?xml version="1.0" encoding="UTF-8"?>
<!-- Generated by org.testng.reporters.JUnitReportReporter -->
<testsuite hostname="LAPTOP-FV1112LB" failures="0" tests="1" name="assignment.Scenario1" time="20.875" errors="0" timestamp="2023-04-09T12:06:18 IST" skipped="0">
  <testcase classname="assignment.Scenario1" name="scenario1Test" time="20.875"/>
  <system-out/>
</testsuite> <!-- assignment.Scenario1 -->
