<?xml version="1.0" encoding="UTF-8"?>
<!-- Generated by org.testng.reporters.JUnitReportReporter -->
<testsuite hostname="LAPTOP-FV1112LB" failures="0" tests="1" name="assignment.Scenario2" time="14.681" errors="0" timestamp="2023-04-09T16:18:10 IST" skipped="0">
  <testcase classname="assignment.Scenario2" name="scenarioTest" time="14.681"/>
  <system-out/>
</testsuite> <!-- assignment.Scenario2 -->
